\BOOKMARK [1][-]{section.1}{\376\377\000I\000n\000t\000r\000o\000d\000u\000c\000t\000i\000o\000n}{}% 1
\BOOKMARK [2][-]{subsection.1.1}{\376\377\000P\000r\000o\000b\000l\000e\000m\000\040\000B\000a\000c\000k\000g\000r\000o\000u\000n\000d}{section.1}% 2
\BOOKMARK [2][-]{subsection.1.2}{\376\377\000R\000e\000s\000t\000a\000t\000e\000m\000e\000n\000t\000\040\000o\000f\000\040\000t\000h\000e\000\040\000P\000r\000o\000b\000l\000e\000m}{section.1}% 3
\BOOKMARK [2][-]{subsection.1.3}{\376\377\000O\000u\000r\000\040\000W\000o\000r\000k}{section.1}% 4
\BOOKMARK [1][-]{section.2}{\376\377\000A\000s\000s\000u\000m\000p\000t\000i\000o\000n\000s\000\040\000a\000n\000d\000\040\000J\000u\000s\000t\000i\000f\000i\000c\000a\000t\000i\000o\000n\000s}{}% 5
\BOOKMARK [1][-]{section.3}{\376\377\000N\000o\000t\000a\000t\000i\000o\000n\000s}{}% 6
\BOOKMARK [1][-]{section.4}{\376\377\000M\000o\000d\000e\000l\000\040\000P\000r\000e\000p\000a\000r\000a\000t\000i\000o\000n}{}% 7
\BOOKMARK [2][-]{subsection.4.1}{\376\377\000G\000u\000i\000d\000a\000n\000c\000e\000\040\000o\000n\000\040\000O\000b\000t\000a\000i\000n\000i\000n\000g\000\040\000I\000n\000f\000o\000r\000m\000a\000t\000i\000o\000n}{section.4}% 8
\BOOKMARK [2][-]{subsection.4.2}{\376\377\000S\000t\000e\000p\000\040\000L\000o\000a\000d\000\040\000I\000n\000t\000e\000r\000a\000c\000t\000i\000o\000n\000\040\000M\000o\000d\000e\000l}{section.4}% 9
\BOOKMARK [2][-]{subsection.4.3}{\376\377\000S\000t\000e\000p\000\040\000L\000o\000a\000d\000\040\000I\000n\000t\000e\000r\000a\000c\000t\000i\000o\000n\000\040\000M\000o\000d\000e\000l}{section.4}% 10
\BOOKMARK [2][-]{subsection.4.4}{\376\377\000S\000t\000e\000p\000\040\000L\000o\000a\000d\000\040\000I\000n\000t\000e\000r\000a\000c\000t\000i\000o\000n\000\040\000M\000o\000d\000e\000l}{section.4}% 11
\BOOKMARK [1][-]{section.5}{\376\377\000S\000y\000n\000e\000r\000g\000i\000z\000i\000n\000g\000\040\000M\000e\000c\000h\000a\000n\000i\000c\000s\000\040\000w\000i\000t\000h\000\040\000M\000a\000t\000h\000e\000m\000a\000t\000i\000c\000a\000l\000\040\000M\000o\000d\000e\000l\000i\000n\000g}{}% 12
\BOOKMARK [2][-]{subsection.5.1}{\376\377\000F\000r\000i\000c\000t\000i\000o\000n\000\040\000M\000o\000d\000e\000l}{section.5}% 13
\BOOKMARK [2][-]{subsection.5.2}{\376\377\000B\000e\000n\000d\000i\000n\000g\000\040\000M\000o\000d\000e\000l}{section.5}% 14
\BOOKMARK [1][-]{section.6}{\376\377\000S\000t\000e\000p\000\040\000L\000o\000a\000d\000\040\000I\000n\000t\000e\000r\000a\000c\000t\000i\000o\000n\000\040\000M\000o\000d\000e\000l}{}% 15
\BOOKMARK [2][-]{subsection.6.1}{\376\377\000M\000o\000d\000e\000l\000\040\000p\000r\000e\000p\000a\000r\000a\000t\000i\000o\000n}{section.6}% 16
\BOOKMARK [2][-]{subsection.6.2}{\376\377\000W\000a\000l\000k\000i\000n\000g\000\040\000p\000a\000t\000t\000e\000r\000n\000s\000\040\000a\000n\000d\000\040\000L\000a\000n\000d\000i\000n\000g\000\240\000p\000o\000i\000n\000t\000\040\000a\000n\000a\000l\000y\000s\000i\000s}{section.6}% 17
\BOOKMARK [2][-]{subsection.6.3}{\376\377\000C\000o\000n\000c\000l\000u\000s\000i\000o\000n}{section.6}% 18
\BOOKMARK [1][-]{section.7}{\376\377\000M\000E\000S\000H\000\040\000A\000n\000a\000l\000y\000s\000i\000s\000\040\000M\000o\000d\000e\000l}{}% 19
\BOOKMARK [2][-]{subsection.7.1}{\376\377\000W\000e\000a\000r\000\040\000d\000e\000p\000t\000h\000\040\000a\000n\000a\000l\000y\000s\000i\000s\000\040\000o\000f\000\040\000a\000\040\000s\000i\000n\000g\000l\000e\000\040\000s\000t\000e\000p}{section.7}% 20
\BOOKMARK [2][-]{subsection.7.2}{\376\377\000T\000e\000r\000r\000a\000c\000e\000\040\000M\000o\000d\000e\000l}{section.7}% 21
\BOOKMARK [1][-]{section.8}{\376\377\000C\000o\000n\000c\000l\000u\000s\000i\000o\000n\000\040\000o\000f\000\040\000B\000a\000s\000i\000c\000\040\000P\000r\000e\000d\000i\000c\000t\000i\000o\000n\000s}{}% 22
\BOOKMARK [2][-]{subsection.8.1}{\376\377\000Q\000u\000e\000s\000t\000i\000o\000n\000\040\000A\000:\000\040\000U\000s\000a\000g\000e\000\040\000f\000r\000e\000q\000u\000e\000n\000c\000y}{section.8}% 23
\BOOKMARK [2][-]{subsection.8.2}{\376\377\000Q\000u\000e\000s\000t\000i\000o\000n\000\040\000B\000:\000\040\000D\000i\000r\000e\000c\000t\000i\000o\000n\000a\000l\000\040\000p\000r\000e\000f\000e\000r\000e\000n\000c\000e}{section.8}% 24
\BOOKMARK [2][-]{subsection.8.3}{\376\377\000Q\000u\000e\000s\000t\000i\000o\000n\000\040\000C\000:\000\040\000U\000s\000a\000g\000e\000\040\000m\000o\000d\000e}{section.8}% 25
\BOOKMARK [1][-]{section.9}{\376\377\000G\000u\000i\000d\000a\000n\000c\000e\000\040\000B\000a\000s\000e\000d\000\040\000o\000n\000\040\000S\000t\000a\000i\000r\000w\000e\000l\000l\000\040\000U\000s\000a\000g\000e}{}% 26
\BOOKMARK [2][-]{subsection.9.1}{\376\377\000Q\000u\000e\000s\000t\000i\000o\000n\000\040\000D\000:\000\040\000T\000h\000e\000\040\000f\000i\000t\000\040\000c\000o\000n\000s\000i\000s\000t\000e\000n\000c\000y}{section.9}% 27
\BOOKMARK [2][-]{subsection.9.2}{\376\377\000Q\000u\000e\000s\000t\000i\000o\000n\000\040\000E\000:\000\040\000A\000g\000e\000\040\000o\000f\000\040\000t\000h\000e\000\040\000s\000t\000a\000i\000r\000\040}{section.9}% 28
\BOOKMARK [2][-]{subsection.9.3}{\376\377\000Q\000u\000e\000s\000t\000i\000o\000n\000\040\000F\000:\000\040\000R\000e\000p\000a\000i\000r\000s\000\040\000a\000n\000d\000\040\000r\000e\000n\000o\000v\000a\000t\000i\000o\000n}{section.9}% 29
\BOOKMARK [2][-]{subsection.9.4}{\376\377\000Q\000u\000e\000s\000t\000i\000o\000n\000\040\000G\000:\000\040\000C\000o\000n\000s\000i\000s\000t\000e\000n\000c\000y\000\040\000o\000f\000\040\000m\000e\000c\000h\000a\000n\000i\000c\000a\000l\000\040\000p\000a\000r\000a\000m\000e\000t\000e\000r\000s}{section.9}% 30
\BOOKMARK [2][-]{subsection.9.5}{\376\377\000Q\000u\000e\000s\000t\000i\000o\000n\000\040\000H\000:\000\040\000N\000u\000m\000b\000e\000r\000\040\000o\000f\000\040\000p\000e\000o\000p\000l\000e\000\040\000a\000n\000d\000\040\000t\000i\000m\000e\000\040\000s\000c\000a\000l\000e}{section.9}% 31
\BOOKMARK [1][-]{section.10}{\376\377\000S\000e\000n\000s\000i\000t\000i\000v\000i\000t\000y\000\040\000A\000n\000a\000l\000y\000s\000i\000s}{}% 32
\BOOKMARK [1][-]{section.11}{\376\377\000\040\000E\000v\000a\000l\000u\000a\000t\000i\000o\000n\000\040\000o\000f\000\040\000S\000t\000r\000e\000n\000g\000t\000h\000s\000\040\000a\000n\000d\000\040\000W\000e\000a\000k\000n\000e\000s\000s\000e\000s}{}% 33
\BOOKMARK [2][-]{subsection.11.1}{\376\377\000S\000t\000r\000e\000n\000g\000t\000h\000s}{section.11}% 34
\BOOKMARK [2][-]{subsection.11.2}{\376\377\000W\000e\000a\000k\000n\000e\000s\000s\000e\000s\000\040\000a\000n\000d\000\040\000F\000u\000r\000t\000h\000e\000r\000\040\000I\000m\000p\000r\000o\000v\000e\000m\000e\000n\000t\000s}{section.11}% 35
\BOOKMARK [1][-]{section.12}{\376\377\000C\000o\000n\000c\000l\000u\000s\000i\000o\000n}{}% 36
\BOOKMARK [1][-]{section.12}{\376\377\000R\000e\000f\000e\000r\000e\000n\000c\000e\000s}{}% 37
\BOOKMARK [1][-]{section*.2}{\376\377\000A\000p\000p\000e\000n\000d\000i\000c\000e\000s}{}% 38
